# JRE version: OpenJDK Runtime Environment (7.0_91-b02) (build 1.7.0_91-b02)
# Java VM: OpenJDK 64-Bit Server VM (24.91-b01 mixed mode linux-amd64 compressed oops)
Heap
 PSYoungGen      total 37376K, used 10533K [0x00000007d6880000, 0x00000007db180000, 0x0000000800000000)
  eden space 32256K, 16% used [0x00000007d6880000,0x00000007d6dc9ea8,0x00000007d8800000)
  from space 5120K, 99% used [0x00000007d8d00000,0x00000007d91ff6f0,0x00000007d9200000)
  to   space 5120K, 0% used [0x00000007d8800000,0x00000007d8800000,0x00000007d8d00000)
 ParOldGen       total 84480K, used 5713K [0x0000000783a00000, 0x0000000788c80000, 0x00000007d6880000)
  object space 84480K, 6% used [0x0000000783a00000,0x0000000783f94710,0x0000000788c80000)
 PSPermGen       total 21504K, used 16249K [0x0000000779400000, 0x000000077a900000, 0x0000000783a00000)
  object space 21504K, 75% used [0x0000000779400000,0x000000077a3de4f0,0x000000077a900000)
GC Heap History (8 events):
Event: 54.084 GC heap before
{Heap before GC invocations=1 (full 0):
 PSYoungGen      total 37376K, used 32256K [0x00000007d6880000, 0x00000007d9200000, 0x0000000800000000)
  eden space 32256K, 100% used [0x00000007d6880000,0x00000007d8800000,0x00000007d8800000)
  from space 5120K, 0% used [0x00000007d8d00000,0x00000007d8d00000,0x00000007d9200000)
  to   space 5120K, 0% used [0x00000007d8800000,0x00000007d8800000,0x00000007d8d00000)
 ParOldGen       total 84480K, used 0K [0x0000000783a00000, 0x0000000788c80000, 0x00000007d6880000)
  object space 84480K, 0% used [0x0000000783a00000,0x0000000783a00000,0x0000000788c80000)
 PSPermGen       total 21504K, used 15408K [0x0000000779400000, 0x000000077a900000, 0x0000000783a00000)
  object space 21504K, 71% used [0x0000000779400000,0x000000077a30c2d8,0x000000077a900000)
Event: 54.131 GC heap after
Heap after GC invocations=1 (full 0):
 PSYoungGen      total 37376K, used 4454K [0x00000007d6880000, 0x00000007d9200000, 0x0000000800000000)
  eden space 32256K, 0% used [0x00000007d6880000,0x00000007d6880000,0x00000007d8800000)
  from space 5120K, 86% used [0x00000007d8800000,0x00000007d8c59930,0x00000007d8d00000)
  to   space 5120K, 0% used [0x00000007d8d00000,0x00000007d8d00000,0x00000007d9200000)
 ParOldGen       total 84480K, used 0K [0x0000000783a00000, 0x0000000788c80000, 0x00000007d6880000)
  object space 84480K, 0% used [0x0000000783a00000,0x0000000783a00000,0x0000000788c80000)
 PSPermGen       total 21504K, used 15408K [0x0000000779400000, 0x000000077a900000, 0x0000000783a00000)
  object space 21504K, 71% used [0x0000000779400000,0x000000077a30c2d8,0x000000077a900000)
}
Event: 58.008 GC heap before
{Heap before GC invocations=2 (full 0):
 PSYoungGen      total 37376K, used 36710K [0x00000007d6880000, 0x00000007d9200000, 0x0000000800000000)
  eden space 32256K, 100% used [0x00000007d6880000,0x00000007d8800000,0x00000007d8800000)
  from space 5120K, 86% used [0x00000007d8800000,0x00000007d8c59930,0x00000007d8d00000)
  to   space 5120K, 0% used [0x00000007d8d00000,0x00000007d8d00000,0x00000007d9200000)
 ParOldGen       total 84480K, used 0K [0x0000000783a00000, 0x0000000788c80000, 0x00000007d6880000)
  object space 84480K, 0% used [0x0000000783a00000,0x0000000783a00000,0x0000000788c80000)
 PSPermGen       total 21504K, used 15612K [0x0000000779400000, 0x000000077a900000, 0x0000000783a00000)
  object space 21504K, 72% used [0x0000000779400000,0x000000077a33f2f8,0x000000077a900000)
Event: 58.020 GC heap after
Heap after GC invocations=2 (full 0):
 PSYoungGen      total 37376K, used 5106K [0x00000007d6880000, 0x00000007d9200000, 0x0000000800000000)
  eden space 32256K, 0% used [0x00000007d6880000,0x00000007d6880000,0x00000007d8800000)
  from space 5120K, 99% used [0x00000007d8d00000,0x00000007d91fc968,0x00000007d9200000)
  to   space 5120K, 0% used [0x00000007d8800000,0x00000007d8800000,0x00000007d8d00000)
 ParOldGen       total 84480K, used 104K [0x0000000783a00000, 0x0000000788c80000, 0x00000007d6880000)
  object space 84480K, 0% used [0x0000000783a00000,0x0000000783a1a000,0x0000000788c80000)
 PSPermGen       total 21504K, used 15612K [0x0000000779400000, 0x000000077a900000, 0x0000000783a00000)
  object space 21504K, 72% used [0x0000000779400000,0x000000077a33f2f8,0x000000077a900000)
}
Event: 63.143 GC heap before
{Heap before GC invocations=3 (full 0):
 PSYoungGen      total 37376K, used 37362K [0x00000007d6880000, 0x00000007d9200000, 0x0000000800000000)
  eden space 32256K, 100% used [0x00000007d6880000,0x00000007d8800000,0x00000007d8800000)
  from space 5120K, 99% used [0x00000007d8d00000,0x00000007d91fc968,0x00000007d9200000)
  to   space 5120K, 0% used [0x00000007d8800000,0x00000007d8800000,0x00000007d8d00000)
 ParOldGen       total 84480K, used 104K [0x0000000783a00000, 0x0000000788c80000, 0x00000007d6880000)
  object space 84480K, 0% used [0x0000000783a00000,0x0000000783a1a000,0x0000000788c80000)
 PSPermGen       total 21504K, used 15643K [0x0000000779400000, 0x000000077a900000, 0x0000000783a00000)
  object space 21504K, 72% used [0x0000000779400000,0x000000077a346db8,0x000000077a900000)
Event: 63.151 GC heap after
Heap after GC invocations=3 (full 0):
 PSYoungGen      total 37376K, used 5112K [0x00000007d6880000, 0x00000007d9200000, 0x0000000800000000)
  eden space 32256K, 0% used [0x00000007d6880000,0x00000007d6880000,0x00000007d8800000)
  from space 5120K, 99% used [0x00000007d8800000,0x00000007d8cfe0b8,0x00000007d8d00000)
  to   space 5120K, 0% used [0x00000007d8d00000,0x00000007d8d00000,0x00000007d9200000)
 ParOldGen       total 84480K, used 833K [0x0000000783a00000, 0x0000000788c80000, 0x00000007d6880000)
  object space 84480K, 0% used [0x0000000783a00000,0x0000000783ad0460,0x0000000788c80000)
 PSPermGen       total 21504K, used 15643K [0x0000000779400000, 0x000000077a900000, 0x0000000783a00000)
  object space 21504K, 72% used [0x0000000779400000,0x000000077a346db8,0x000000077a900000)
}
Event: 63.436 GC heap before
{Heap before GC invocations=4 (full 0):
 PSYoungGen      total 37376K, used 37368K [0x00000007d6880000, 0x00000007d9200000, 0x0000000800000000)
  eden space 32256K, 100% used [0x00000007d6880000,0x00000007d8800000,0x00000007d8800000)
  from space 5120K, 99% used [0x00000007d8800000,0x00000007d8cfe0b8,0x00000007d8d00000)
  to   space 5120K, 0% used [0x00000007d8d00000,0x00000007d8d00000,0x00000007d9200000)
 ParOldGen       total 84480K, used 833K [0x0000000783a00000, 0x0000000788c80000, 0x00000007d6880000)
  object space 84480K, 0% used [0x0000000783a00000,0x0000000783ad0460,0x0000000788c80000)
 PSPermGen       total 21504K, used 15659K [0x0000000779400000, 0x000000077a900000, 0x0000000783a00000)
  object space 21504K, 72% used [0x0000000779400000,0x000000077a34add0,0x000000077a900000)
Event: 63.447 GC heap after
Heap after GC invocations=4 (full 0):
 PSYoungGen      total 37376K, used 5117K [0x00000007d6880000, 0x00000007db180000, 0x0000000800000000)
  eden space 32256K, 0% used [0x00000007d6880000,0x00000007d6880000,0x00000007d8800000)
  from space 5120K, 99% used [0x00000007d8d00000,0x00000007d91ff6f0,0x00000007d9200000)
  to   space 5120K, 0% used [0x00000007d8800000,0x00000007d8800000,0x00000007d8d00000)
 ParOldGen       total 84480K, used 5713K [0x0000000783a00000, 0x0000000788c80000, 0x00000007d6880000)
  object space 84480K, 6% used [0x0000000783a00000,0x0000000783f94710,0x0000000788c80000)
 PSPermGen       total 21504K, used 15659K [0x0000000779400000, 0x000000077a900000, 0x0000000783a00000)
  object space 21504K, 72% used [0x0000000779400000,0x000000077a34add0,0x000000077a900000)
}

